<?xml version='1.0'?>
<ns2:test-suite xmlns:ns2='urn:model.allure.qatools.yandex.ru' start='1604587156260' stop='1604587157237'>
    <name>Testando funcionalidade de fotos</name>
    <title>Testando funcionalidade de fotos</title>
    <test-cases>
        <test-case start='1604587156260' status='passed' stop='1604587157235'>
            <name>Deve fazer login</name>
            <title>Deve fazer login</title>
            <labels/>
            <parameters/>
            <steps/>
            <attachments/>
        </test-case>
        <test-case start='1604587157235' status='pending' stop='1604587157236'>
            <name>Deve navegar para /p/add</name>
            <title>Deve navegar para /p/add</title>
            <labels/>
            <parameters/>
            <steps/>
            <attachments/>
            <failure>
                <message>This test was ignored</message>
                <stack-trace></stack-trace>
            </failure>
        </test-case>
        <test-case start='1604587157236' status='pending' stop='1604587157236'>
            <name>Deve cadastrar imagem</name>
            <title>Deve cadastrar imagem</title>
            <labels/>
            <parameters/>
            <steps/>
            <attachments/>
            <failure>
                <message>This test was ignored</message>
                <stack-trace></stack-trace>
            </failure>
        </test-case>
        <test-case start='1604587157236' status='pending' stop='1604587157236'>
            <name>Busca de imagem</name>
            <title>Busca de imagem</title>
            <labels/>
            <parameters/>
            <steps/>
            <attachments/>
            <failure>
                <message>This test was ignored</message>
                <stack-trace></stack-trace>
            </failure>
        </test-case>
        <test-case start='1604587157236' status='pending' stop='1604587157236'>
            <name>Deve navegar para a foto</name>
            <title>Deve navegar para a foto</title>
            <labels/>
            <parameters/>
            <steps/>
            <attachments/>
            <failure>
                <message>This test was ignored</message>
                <stack-trace></stack-trace>
            </failure>
        </test-case>
        <test-case start='1604587157236' status='pending' stop='1604587157236'>
            <name>Deve fazer um comentario</name>
            <title>Deve fazer um comentario</title>
            <labels/>
            <parameters/>
            <steps/>
            <attachments/>
            <failure>
                <message>This test was ignored</message>
                <stack-trace></stack-trace>
            </failure>
        </test-case>
    </test-cases>
</ns2:test-suite>